<?xml version="1.0" encoding="UTF-8"?>
<!-- Generated by org.testng.reporters.JUnitReportReporter -->
<testsuite skipped="0" hostname="LAPTOP-S1IO9Q2G" name="testClasses.SignUpExcelTest" tests="1" failures="0" timestamp="2021-11-26T00:23:04 IST" time="10.009" errors="0">
  <testcase name="b" time="10.009" classname="testClasses.SignUpExcelTest"/>
  <system-out/>
</testsuite> <!-- testClasses.SignUpExcelTest -->
