<?xml version="1.0" encoding="UTF-8"?>
<!-- Generated by org.testng.reporters.JUnitReportReporter -->
<testsuite skipped="0" hostname="LAPTOP-S1IO9Q2G" name="testClasses.TC04_Sample" tests="1" failures="0" timestamp="2021-11-23T16:23:32 IST" time="1.023" errors="0">
  <testcase name="test" time="1.023" classname="testClasses.TC04_Sample"/>
</testsuite> <!-- testClasses.TC04_Sample -->
