<?xml version="1.0" encoding="UTF-8"?>
<!-- Generated by org.testng.reporters.JUnitReportReporter -->
<testsuite skipped="0" hostname="LAPTOP-S1IO9Q2G" name="testClasses.KiteLoginTest" tests="3" failures="0" timestamp="2021-11-26T00:19:18 IST" time="15.427" errors="0">
  <testcase name="LoginScenarion2_EnterOnly_Password" time="6.508" classname="testClasses.KiteLoginTest"/>
  <system-out>
    <![CDATA[----open browser----]]>
  </system-out>
  <testcase name="LoginScenarion1_EnterOnly_Username" time="4.516" classname="testClasses.KiteLoginTest"/>
  <system-out>
    <![CDATA[----open browser----]]>
  </system-out>
  <testcase name="LoginScenarion3" time="4.403" classname="testClasses.KiteLoginTest"/>
  <system-out>
    <![CDATA[----open browser----]]>
  </system-out>
</testsuite> <!-- testClasses.KiteLoginTest -->
