<?xml version="1.0" encoding="UTF-8"?>
<!-- Generated by org.testng.reporters.JUnitReportReporter -->
<testsuite skipped="0" hostname="LAPTOP-S1IO9Q2G" name="testClasses.TC03_SignUp" tests="1" failures="0" timestamp="2021-11-24T18:25:31 IST" time="8.273" errors="0">
  <testcase name="SignUp1" time="8.273" classname="testClasses.TC03_SignUp"/>
</testsuite> <!-- testClasses.TC03_SignUp -->
