<?xml version="1.0" encoding="UTF-8"?>
<!-- Generated by org.testng.reporters.JUnitReportReporter -->
<testsuite skipped="0" hostname="LAPTOP-S1IO9Q2G" name="testClasses.TC02_Login" tests="1" failures="0" timestamp="2021-11-24T18:32:31 IST" time="2.365" errors="0">
  <testcase name="Login1" time="2.365" classname="testClasses.TC02_Login"/>
</testsuite> <!-- testClasses.TC02_Login -->
